warning: ignoring unsupported tag `TOC_INCLUDE_HEADINGS   =' at line 313, file /home/travis/build/S14P/doxyTest/Doxyfile
warning: ignoring unsupported tag `PLANTUML_CFG_FILE      =' at line 2429, file /home/travis/build/S14P/doxyTest/Doxyfile
Searching for include files...
Searching for example files...
Searching for images...
Searching for dot files...
Searching for msc files...
Searching for dia files...
Searching for files to exclude
Searching INPUT for files to process...
Searching for files in directory /home/travis/build/S14P/doxyTest
Reading and parsing tag files
Parsing files
Preprocessing /home/travis/build/S14P/doxyTest/main.cpp...
Parsing file /home/travis/build/S14P/doxyTest/main.cpp...
Preprocessing /home/travis/build/S14P/doxyTest/myClass.cpp...
Parsing file /home/travis/build/S14P/doxyTest/myClass.cpp...
Preprocessing /home/travis/build/S14P/doxyTest/myClass.h...
Parsing file /home/travis/build/S14P/doxyTest/myClass.h...
Reading /home/travis/build/S14P/doxyTest/README.md...
Building group list...
Building directory list...
Building namespace list...
Building file list...
Building class list...
Associating documentation with classes...
Computing nesting relations for classes...
Building example list...
Searching for enumerations...
Searching for documented typedefs...
Searching for members imported via using declarations...
Searching for included using directives...
Searching for documented variables...
Building interface member list...
Building member list...
Searching for friends...
Searching for documented defines...
Computing class inheritance relations...
Computing class usage relations...
Flushing cached template relations that have become invalid...
Creating members for template instances...
Computing class relations...
Add enum values to enums...
Searching for member function documentation...
Building page list...
Search for main page...
Computing page relations...
Determining the scope of groups...
Sorting lists...
Freeing entry tree
Determining which enums are documented
Computing member relations...
Building full member lists recursively...
Adding members to member groups.
Computing member references...
Inheriting documentation...
Generating disk names...
Adding source references...
Adding xrefitems...
Sorting member lists...
Computing dependencies between directories...
Generating citations page...
Counting data structures...
Resolving user defined references...
Finding anchors and sections in the documentation...
Transferring function references...
Combining using relations...
Adding members to index pages...
Generating style sheet...
Generating search indices...
Generating example documentation...
Generating file sources...
Generating code for file /home/travis/build/S14P/doxyTest/myClass.h...
Generating file documentation...
Generating docs for file /home/travis/build/S14P/doxyTest/main.cpp...
Generating docs for file /home/travis/build/S14P/doxyTest/myClass.cpp...
Generating docs for file /home/travis/build/S14P/doxyTest/myClass.h...
Generating docs for file /home/travis/build/S14P/doxyTest/README.md...
Generating page documentation...
Generating docs for page md__home_travis_build_S14P_doxyTest_README...
Generating group documentation...
Generating class documentation...
Generating docs for compound myClass...
Generating namespace index...
Generating graph info page...
Generating directory documentation...
Generating index page...
Generating page index...
Generating module index...
Generating namespace index...
Generating namespace member index...
Generating annotated compound index...
Generating alphabetical compound index...
Generating hierarchical class index...
Generating graphical class hierarchy...
Generating member index...
Generating file index...
Generating file member index...
Generating example index...
finalizing index lists...
writing tag file...
Running dot...
Generating dot graphs using 3 parallel threads...
Running dot for graph 1/7
Running dot for graph 2/7
Running dot for graph 3/7
Running dot for graph 4/7
Running dot for graph 5/7
Running dot for graph 6/7
Running dot for graph 7/7
Patching output file 1/6
Patching output file 2/6
Patching output file 3/6
Patching output file 4/6
Patching output file 5/6
Patching output file 6/6
lookup cache used 8/65536 hits=20 misses=8
finished...
